stdio    D         file_stdio.c:107  file_stdio_fopen                 [   0.00000] opening C:\Users\HENRY\source\repos\Conta-Strike\x64\Debug\allegro5.cfg r
system   D            wsystem.c:836  maybe_parent_dir                 [   0.00000] Also searching C:\Users\HENRY\source\repos\Conta-Strike\x64\
system   D            wsystem.c:891  _al_win_safe_load_library        [   0.00000] PathFindOnPath found: C:\WINDOWS\system32\shcore.dll
system   D            wsystem.c:797  load_library_at_path             [   0.00000] Calling LoadLibrary C:\WINDOWS\system32\shcore.dll
system   I            wsystem.c:800  load_library_at_path             [   0.00000] Loaded C:\WINDOWS\system32\shcore.dll
system   I             system.c:272  al_install_system                [   0.00000] Allegro version: 5.2.10
audio-dsound I           dsound.cpp:275  _dsound_open                     [   0.00392] Starting DirectSound...
audio-dsound D           dsound.cpp:288  _dsound_open                     [   0.09229] DirectSoundCreate8 succeeded
audio-dsound I           dsound.cpp:77   get_window                       [   0.09244] Using desktop window: 000000000001000C
audio    I              audio.c:391  do_install_audio                 [   0.09270] Using DirectSound driver
audio-dsound D           dsound.cpp:322  _dsound_allocate_voice           [   0.09294] Allocating voice
audio-dsound D           dsound.cpp:381  _dsound_allocate_voice           [   0.09304] Allocated voice
dtor     D               dtor.c:196  _al_register_destructor          [   0.09315] added dtor for voice 000001D44634F8C0, func 00007FFE5F551177
dtor     D               dtor.c:196  _al_register_destructor          [   0.09328] added dtor for mixer 000001D44635DC70, func 00007FFE5F551497
audio-dsound D           dsound.cpp:477  _dsound_start_voice              [   0.09340] Starting voice
audio-dsound D           dsound.cpp:505  _dsound_start_voice              [   0.09351] CreateSoundBuffer
audio-dsound D           dsound.cpp:513  _dsound_start_voice              [   0.09610] CreateSoundBuffer succeeded
audio-dsound D           dsound.cpp:519  _dsound_start_voice              [   0.09623] Starting _dsound_update thread
audio-dsound I           dsound.cpp:529  _dsound_start_voice              [   0.09660] Voice started
dtor     D               dtor.c:196  _al_register_destructor          [   0.09674] added dtor for sample_instance 000001D446362C00, func 00007FFE5F551235
audio    D          kcm_mixer.c:121  _al_rechannel_matrix             [   0.09697] sample matrix:
audio    D          kcm_mixer.c:127  _al_rechannel_matrix             [   0.09709] 
audio    D          kcm_mixer.c:127  _al_rechannel_matrix             [   0.09718] 
dtor     D               dtor.c:196  _al_register_destructor          [   0.09727] added dtor for sample_instance 000001D446365FE0, func 00007FFE5F551235
audio    D          kcm_mixer.c:121  _al_rechannel_matrix             [   0.09737] sample matrix:
audio    D          kcm_mixer.c:127  _al_rechannel_matrix             [   0.09747] 
audio    D          kcm_mixer.c:127  _al_rechannel_matrix             [   0.09757] 
dtor     D               dtor.c:196  _al_register_destructor          [   0.09767] added dtor for sample_instance 000001D446373AD0, func 00007FFE5F551235
audio    D          kcm_mixer.c:121  _al_rechannel_matrix             [   0.09776] sample matrix:
audio    D          kcm_mixer.c:127  _al_rechannel_matrix             [   0.09786] 
audio    D          kcm_mixer.c:127  _al_rechannel_matrix             [   0.09795] 
dtor     D               dtor.c:196  _al_register_destructor          [   0.09805] added dtor for sample_instance 000001D446373E90, func 00007FFE5F551235
audio    D          kcm_mixer.c:121  _al_rechannel_matrix             [   0.09818] sample matrix:
audio    D          kcm_mixer.c:127  _al_rechannel_matrix             [   0.09828] 
audio    D          kcm_mixer.c:127  _al_rechannel_matrix             [   0.09837] 
dtor     D               dtor.c:196  _al_register_destructor          [   0.09846] added dtor for sample_instance 000001D446373C20, func 00007FFE5F551235
audio    D          kcm_mixer.c:121  _al_rechannel_matrix             [   0.09862] sample matrix:
audio    D          kcm_mixer.c:127  _al_rechannel_matrix             [   0.09871] 
audio    D          kcm_mixer.c:127  _al_rechannel_matrix             [   0.09880] 
dtor     D               dtor.c:196  _al_register_destructor          [   0.09888] added dtor for sample_instance 000001D446373FE0, func 00007FFE5F551235
audio    D          kcm_mixer.c:121  _al_rechannel_matrix             [   0.09898] sample matrix:
audio    D          kcm_mixer.c:127  _al_rechannel_matrix             [   0.09906] 
audio    D          kcm_mixer.c:127  _al_rechannel_matrix             [   0.09914] 
dtor     D               dtor.c:196  _al_register_destructor          [   0.09923] added dtor for sample_instance 000001D446373490, func 00007FFE5F551235
audio    D          kcm_mixer.c:121  _al_rechannel_matrix             [   0.09931] sample matrix:
audio    D          kcm_mixer.c:127  _al_rechannel_matrix             [   0.09939] 
audio    D          kcm_mixer.c:127  _al_rechannel_matrix             [   0.09947] 
dtor     D               dtor.c:196  _al_register_destructor          [   0.09955] added dtor for sample_instance 000001D446376A40, func 00007FFE5F551235
audio    D          kcm_mixer.c:121  _al_rechannel_matrix             [   0.09965] sample matrix:
audio    D          kcm_mixer.c:127  _al_rechannel_matrix             [   0.09973] 
audio    D          kcm_mixer.c:127  _al_rechannel_matrix             [   0.09981] 
dtor     D               dtor.c:196  _al_register_destructor          [   0.09988] added dtor for sample_instance 000001D446377BF0, func 00007FFE5F551235
audio    D          kcm_mixer.c:121  _al_rechannel_matrix             [   0.09996] sample matrix:
audio    D          kcm_mixer.c:127  _al_rechannel_matrix             [   0.10004] 
audio    D          kcm_mixer.c:127  _al_rechannel_matrix             [   0.10029] 
dtor     D               dtor.c:196  _al_register_destructor          [   0.10037] added dtor for sample_instance 000001D4463752C0, func 00007FFE5F551235
audio    D          kcm_mixer.c:121  _al_rechannel_matrix             [   0.10047] sample matrix:
audio    D          kcm_mixer.c:127  _al_rechannel_matrix             [   0.10101] 
audio    D          kcm_mixer.c:127  _al_rechannel_matrix             [   0.10112] 
dtor     D               dtor.c:196  _al_register_destructor          [   0.10120] added dtor for sample_instance 000001D446375410, func 00007FFE5F551235
audio    D          kcm_mixer.c:121  _al_rechannel_matrix             [   0.10128] sample matrix:
audio    D          kcm_mixer.c:127  _al_rechannel_matrix             [   0.10134] 
audio    D          kcm_mixer.c:127  _al_rechannel_matrix             [   0.10140] 
dtor     D               dtor.c:196  _al_register_destructor          [   0.10147] added dtor for sample_instance 000001D446376630, func 00007FFE5F551235
audio    D          kcm_mixer.c:121  _al_rechannel_matrix             [   0.10155] sample matrix:
audio    D          kcm_mixer.c:127  _al_rechannel_matrix             [   0.10162] 
audio    D          kcm_mixer.c:127  _al_rechannel_matrix             [   0.10169] 
dtor     D               dtor.c:196  _al_register_destructor          [   0.10177] added dtor for sample_instance 000001D4463735E0, func 00007FFE5F551235
audio    D          kcm_mixer.c:121  _al_rechannel_matrix             [   0.10187] sample matrix:
audio    D          kcm_mixer.c:127  _al_rechannel_matrix             [   0.10193] 
audio    D          kcm_mixer.c:127  _al_rechannel_matrix             [   0.10201] 
dtor     D               dtor.c:196  _al_register_destructor          [   0.10207] added dtor for sample_instance 000001D446373730, func 00007FFE5F551235
audio    D          kcm_mixer.c:121  _al_rechannel_matrix             [   0.10219] sample matrix:
audio    D          kcm_mixer.c:127  _al_rechannel_matrix             [   0.10226] 
audio    D          kcm_mixer.c:127  _al_rechannel_matrix             [   0.10232] 
dtor     D               dtor.c:196  _al_register_destructor          [   0.10245] added dtor for sample_instance 000001D446379C40, func 00007FFE5F551235
audio    D          kcm_mixer.c:121  _al_rechannel_matrix             [   0.10253] sample matrix:
audio    D          kcm_mixer.c:127  _al_rechannel_matrix             [   0.10259] 
audio    D          kcm_mixer.c:127  _al_rechannel_matrix             [   0.10266] 
dtor     D               dtor.c:196  _al_register_destructor          [   0.10272] added dtor for sample_instance 000001D446379700, func 00007FFE5F551235
audio    D          kcm_mixer.c:121  _al_rechannel_matrix             [   0.10279] sample matrix:
audio    D          kcm_mixer.c:127  _al_rechannel_matrix             [   0.10285] 
audio    D          kcm_mixer.c:127  _al_rechannel_matrix             [   0.10291] 
system   D            wsystem.c:836  maybe_parent_dir                 [   0.10327] Also searching C:\Users\HENRY\source\repos\Conta-Strike\x64\
system   D            wsystem.c:891  _al_win_safe_load_library        [   0.10354] PathFindOnPath found: C:\WINDOWS\system32\d3d9.dll
system   D            wsystem.c:797  load_library_at_path             [   0.10363] Calling LoadLibrary C:\WINDOWS\system32\d3d9.dll
system   I            wsystem.c:800  load_library_at_path             [   0.10765] Loaded C:\WINDOWS\system32\d3d9.dll
d3d      I         d3d_disp.cpp:679  d3d_init_display                 [   0.25000] Render-to-texture: 1
d3d      I         d3d_disp.cpp:1780 d3d_create_display_locked        [   0.25192] faux_fullscreen=0
d3d      D         d3d_disp.cpp:1781 d3d_create_display_locked        [   0.25210] al_display=000001D44863BAF0
d3d      D         d3d_disp.cpp:1782 d3d_create_display_locked        [   0.25224] al_display->vt=000001D4463EC320
d3d      I d3d_display_formats.cpp:144  _al_d3d_generate_display_format_list [   0.25517] found 160 format combinations
display  D   display_settings.c:214  debug_display_settings           [   0.25537] color: 32 (rgba 8880), depth: 0, stencil: 0, acc: 0000, samples: 0/0
display  D   display_settings.c:529  _al_score_display_settings       [   0.25547] Score is : 897
display  D   display_settings.c:214  debug_display_settings           [   0.25555] color: 32 (rgba 8880), depth: 0, stencil: 0, acc: 0000, samples: 0/0
display  D   display_settings.c:529  _al_score_display_settings       [   0.25562] Score is : 897
display  D   display_settings.c:214  debug_display_settings           [   0.25569] color: 32 (rgba 8880), depth: 0, stencil: 0, acc: 0000, samples: 2/1
display  D   display_settings.c:529  _al_score_display_settings       [   0.25579] Score is : 726
display  D   display_settings.c:214  debug_display_settings           [   0.25589] color: 32 (rgba 8880), depth: 0, stencil: 0, acc: 0000, samples: 3/1
display  D   display_settings.c:529  _al_score_display_settings       [   0.25596] Score is : 721
display  D   display_settings.c:214  debug_display_settings           [   0.25603] color: 32 (rgba 8880), depth: 0, stencil: 0, acc: 0000, samples: 4/1
display  D   display_settings.c:529  _al_score_display_settings       [   0.25614] Score is : 717
display  D   display_settings.c:214  debug_display_settings           [   0.25620] color: 32 (rgba 8880), depth: 24, stencil: 8, acc: 0000, samples: 0/0
display  D   display_settings.c:529  _al_score_display_settings       [   0.25631] Score is : 897
display  D   display_settings.c:214  debug_display_settings           [   0.25637] color: 32 (rgba 8880), depth: 24, stencil: 8, acc: 0000, samples: 0/0
display  D   display_settings.c:529  _al_score_display_settings       [   0.25649] Score is : 897
display  D   display_settings.c:214  debug_display_settings           [   0.25662] color: 32 (rgba 8880), depth: 24, stencil: 8, acc: 0000, samples: 2/1
display  D   display_settings.c:529  _al_score_display_settings       [   0.25673] Score is : 726
display  D   display_settings.c:214  debug_display_settings           [   0.25682] color: 32 (rgba 8880), depth: 24, stencil: 8, acc: 0000, samples: 3/1
display  D   display_settings.c:529  _al_score_display_settings       [   0.25703] Score is : 721
display  D   display_settings.c:214  debug_display_settings           [   0.25710] color: 32 (rgba 8880), depth: 24, stencil: 8, acc: 0000, samples: 4/1
display  D   display_settings.c:529  _al_score_display_settings       [   0.25719] Score is : 717
display  D   display_settings.c:214  debug_display_settings           [   0.25730] color: 32 (rgba 8880), depth: 24, stencil: 0, acc: 0000, samples: 0/0
display  D   display_settings.c:529  _al_score_display_settings       [   0.25740] Score is : 897
display  D   display_settings.c:214  debug_display_settings           [   0.25750] color: 32 (rgba 8880), depth: 24, stencil: 0, acc: 0000, samples: 0/0
display  D   display_settings.c:529  _al_score_display_settings       [   0.25757] Score is : 897
display  D   display_settings.c:214  debug_display_settings           [   0.25764] color: 32 (rgba 8880), depth: 24, stencil: 0, acc: 0000, samples: 2/1
display  D   display_settings.c:529  _al_score_display_settings       [   0.25770] Score is : 726
display  D   display_settings.c:214  debug_display_settings           [   0.25778] color: 32 (rgba 8880), depth: 24, stencil: 0, acc: 0000, samples: 3/1
display  D   display_settings.c:529  _al_score_display_settings       [   0.25785] Score is : 721
display  D   display_settings.c:214  debug_display_settings           [   0.25791] color: 32 (rgba 8880), depth: 24, stencil: 0, acc: 0000, samples: 4/1
display  D   display_settings.c:529  _al_score_display_settings       [   0.25798] Score is : 717
display  D   display_settings.c:214  debug_display_settings           [   0.25804] color: 32 (rgba 8880), depth: 16, stencil: 0, acc: 0000, samples: 0/0
display  D   display_settings.c:529  _al_score_display_settings       [   0.25811] Score is : 897
display  D   display_settings.c:214  debug_display_settings           [   0.25819] color: 32 (rgba 8880), depth: 16, stencil: 0, acc: 0000, samples: 0/0
display  D   display_settings.c:529  _al_score_display_settings       [   0.25826] Score is : 897
display  D   display_settings.c:214  debug_display_settings           [   0.25832] color: 32 (rgba 8880), depth: 16, stencil: 0, acc: 0000, samples: 2/1
display  D   display_settings.c:529  _al_score_display_settings       [   0.25839] Score is : 726
display  D   display_settings.c:214  debug_display_settings           [   0.25846] color: 32 (rgba 8880), depth: 16, stencil: 0, acc: 0000, samples: 3/1
display  D   display_settings.c:529  _al_score_display_settings       [   0.25853] Score is : 721
display  D   display_settings.c:214  debug_display_settings           [   0.25859] color: 32 (rgba 8880), depth: 16, stencil: 0, acc: 0000, samples: 4/1
display  D   display_settings.c:529  _al_score_display_settings       [   0.25866] Score is : 717
display  D   display_settings.c:214  debug_display_settings           [   0.25873] color: 16 (rgba 5650), depth: 0, stencil: 0, acc: 0000, samples: 0/0
display  D   display_settings.c:529  _al_score_display_settings       [   0.25880] Score is : 897
display  D   display_settings.c:214  debug_display_settings           [   0.25886] color: 16 (rgba 5650), depth: 0, stencil: 0, acc: 0000, samples: 0/0
display  D   display_settings.c:529  _al_score_display_settings       [   0.25893] Score is : 897
display  D   display_settings.c:214  debug_display_settings           [   0.25900] color: 16 (rgba 5650), depth: 0, stencil: 0, acc: 0000, samples: 2/1
display  D   display_settings.c:529  _al_score_display_settings       [   0.25907] Score is : 726
display  D   display_settings.c:214  debug_display_settings           [   0.25913] color: 16 (rgba 5650), depth: 0, stencil: 0, acc: 0000, samples: 3/1
display  D   display_settings.c:529  _al_score_display_settings       [   0.25937] Score is : 721
display  D   display_settings.c:214  debug_display_settings           [   0.25955] color: 16 (rgba 5650), depth: 0, stencil: 0, acc: 0000, samples: 4/1
display  D   display_settings.c:529  _al_score_display_settings       [   0.25968] Score is : 717
display  D   display_settings.c:214  debug_display_settings           [   0.25976] color: 16 (rgba 5650), depth: 24, stencil: 8, acc: 0000, samples: 0/0
display  D   display_settings.c:529  _al_score_display_settings       [   0.25983] Score is : 897
display  D   display_settings.c:214  debug_display_settings           [   0.25990] color: 16 (rgba 5650), depth: 24, stencil: 8, acc: 0000, samples: 0/0
display  D   display_settings.c:529  _al_score_display_settings       [   0.25998] Score is : 897
display  D   display_settings.c:214  debug_display_settings           [   0.26005] color: 16 (rgba 5650), depth: 24, stencil: 8, acc: 0000, samples: 2/1
display  D   display_settings.c:529  _al_score_display_settings       [   0.26012] Score is : 726
display  D   display_settings.c:214  debug_display_settings           [   0.26019] color: 16 (rgba 5650), depth: 24, stencil: 8, acc: 0000, samples: 3/1
display  D   display_settings.c:529  _al_score_display_settings       [   0.26026] Score is : 721
display  D   display_settings.c:214  debug_display_settings           [   0.26032] color: 16 (rgba 5650), depth: 24, stencil: 8, acc: 0000, samples: 4/1
display  D   display_settings.c:529  _al_score_display_settings       [   0.26039] Score is : 717
display  D   display_settings.c:214  debug_display_settings           [   0.26046] color: 16 (rgba 5650), depth: 24, stencil: 0, acc: 0000, samples: 0/0
display  D   display_settings.c:529  _al_score_display_settings       [   0.26053] Score is : 897
display  D   display_settings.c:214  debug_display_settings           [   0.26060] color: 16 (rgba 5650), depth: 24, stencil: 0, acc: 0000, samples: 0/0
display  D   display_settings.c:529  _al_score_display_settings       [   0.26067] Score is : 897
display  D   display_settings.c:214  debug_display_settings           [   0.26073] color: 16 (rgba 5650), depth: 24, stencil: 0, acc: 0000, samples: 2/1
display  D   display_settings.c:529  _al_score_display_settings       [   0.26081] Score is : 726
display  D   display_settings.c:214  debug_display_settings           [   0.26087] color: 16 (rgba 5650), depth: 24, stencil: 0, acc: 0000, samples: 3/1
display  D   display_settings.c:529  _al_score_display_settings       [   0.26093] Score is : 721
display  D   display_settings.c:214  debug_display_settings           [   0.26100] color: 16 (rgba 5650), depth: 24, stencil: 0, acc: 0000, samples: 4/1
display  D   display_settings.c:529  _al_score_display_settings       [   0.26106] Score is : 717
display  D   display_settings.c:214  debug_display_settings           [   0.26113] color: 16 (rgba 5650), depth: 16, stencil: 0, acc: 0000, samples: 0/0
display  D   display_settings.c:529  _al_score_display_settings       [   0.26120] Score is : 897
display  D   display_settings.c:214  debug_display_settings           [   0.26127] color: 16 (rgba 5650), depth: 16, stencil: 0, acc: 0000, samples: 0/0
display  D   display_settings.c:529  _al_score_display_settings       [   0.26135] Score is : 897
display  D   display_settings.c:214  debug_display_settings           [   0.26143] color: 16 (rgba 5650), depth: 16, stencil: 0, acc: 0000, samples: 2/1
display  D   display_settings.c:529  _al_score_display_settings       [   0.26150] Score is : 726
display  D   display_settings.c:214  debug_display_settings           [   0.26156] color: 16 (rgba 5650), depth: 16, stencil: 0, acc: 0000, samples: 3/1
display  D   display_settings.c:529  _al_score_display_settings       [   0.26164] Score is : 721
display  D   display_settings.c:214  debug_display_settings           [   0.26171] color: 16 (rgba 5650), depth: 16, stencil: 0, acc: 0000, samples: 4/1
display  D   display_settings.c:529  _al_score_display_settings       [   0.26179] Score is : 717
display  D   display_settings.c:214  debug_display_settings           [   0.26185] color: 32 (rgba 8880), depth: 0, stencil: 0, acc: 0000, samples: 0/0
display  D   display_settings.c:400  _al_score_display_settings       [   0.26193] Single Buffer requirement not met.
display  D   display_settings.c:214  debug_display_settings           [   0.26201] color: 32 (rgba 8880), depth: 0, stencil: 0, acc: 0000, samples: 0/0
display  D   display_settings.c:400  _al_score_display_settings       [   0.26208] Single Buffer requirement not met.
display  D   display_settings.c:214  debug_display_settings           [   0.26214] color: 32 (rgba 8880), depth: 0, stencil: 0, acc: 0000, samples: 2/1
display  D   display_settings.c:400  _al_score_display_settings       [   0.26222] Single Buffer requirement not met.
display  D   display_settings.c:214  debug_display_settings           [   0.26229] color: 32 (rgba 8880), depth: 0, stencil: 0, acc: 0000, samples: 3/1
display  D   display_settings.c:400  _al_score_display_settings       [   0.26236] Single Buffer requirement not met.
display  D   display_settings.c:214  debug_display_settings           [   0.26243] color: 32 (rgba 8880), depth: 0, stencil: 0, acc: 0000, samples: 4/1
display  D   display_settings.c:400  _al_score_display_settings       [   0.26250] Single Buffer requirement not met.
display  D   display_settings.c:214  debug_display_settings           [   0.26257] color: 32 (rgba 8880), depth: 24, stencil: 8, acc: 0000, samples: 0/0
display  D   display_settings.c:400  _al_score_display_settings       [   0.26264] Single Buffer requirement not met.
display  D   display_settings.c:214  debug_display_settings           [   0.26271] color: 32 (rgba 8880), depth: 24, stencil: 8, acc: 0000, samples: 0/0
display  D   display_settings.c:400  _al_score_display_settings       [   0.26278] Single Buffer requirement not met.
display  D   display_settings.c:214  debug_display_settings           [   0.26285] color: 32 (rgba 8880), depth: 24, stencil: 8, acc: 0000, samples: 2/1
display  D   display_settings.c:400  _al_score_display_settings       [   0.26292] Single Buffer requirement not met.
display  D   display_settings.c:214  debug_display_settings           [   0.26300] color: 32 (rgba 8880), depth: 24, stencil: 8, acc: 0000, samples: 3/1
display  D   display_settings.c:400  _al_score_display_settings       [   0.26307] Single Buffer requirement not met.
display  D   display_settings.c:214  debug_display_settings           [   0.26316] color: 32 (rgba 8880), depth: 24, stencil: 8, acc: 0000, samples: 4/1
display  D   display_settings.c:400  _al_score_display_settings       [   0.26322] Single Buffer requirement not met.
display  D   display_settings.c:214  debug_display_settings           [   0.26329] color: 32 (rgba 8880), depth: 24, stencil: 0, acc: 0000, samples: 0/0
display  D   display_settings.c:400  _al_score_display_settings       [   0.26335] Single Buffer requirement not met.
display  D   display_settings.c:214  debug_display_settings           [   0.26342] color: 32 (rgba 8880), depth: 24, stencil: 0, acc: 0000, samples: 0/0
display  D   display_settings.c:400  _al_score_display_settings       [   0.26349] Single Buffer requirement not met.
display  D   display_settings.c:214  debug_display_settings           [   0.26356] color: 32 (rgba 8880), depth: 24, stencil: 0, acc: 0000, samples: 2/1
display  D   display_settings.c:400  _al_score_display_settings       [   0.26363] Single Buffer requirement not met.
display  D   display_settings.c:214  debug_display_settings           [   0.26370] color: 32 (rgba 8880), depth: 24, stencil: 0, acc: 0000, samples: 3/1
display  D   display_settings.c:400  _al_score_display_settings       [   0.26377] Single Buffer requirement not met.
display  D   display_settings.c:214  debug_display_settings           [   0.26385] color: 32 (rgba 8880), depth: 24, stencil: 0, acc: 0000, samples: 4/1
display  D   display_settings.c:400  _al_score_display_settings       [   0.26392] Single Buffer requirement not met.
display  D   display_settings.c:214  debug_display_settings           [   0.26400] color: 32 (rgba 8880), depth: 16, stencil: 0, acc: 0000, samples: 0/0
display  D   display_settings.c:400  _al_score_display_settings       [   0.26407] Single Buffer requirement not met.
display  D   display_settings.c:214  debug_display_settings           [   0.26414] color: 32 (rgba 8880), depth: 16, stencil: 0, acc: 0000, samples: 0/0
display  D   display_settings.c:400  _al_score_display_settings       [   0.26421] Single Buffer requirement not met.
display  D   display_settings.c:214  debug_display_settings           [   0.26428] color: 32 (rgba 8880), depth: 16, stencil: 0, acc: 0000, samples: 2/1
display  D   display_settings.c:400  _al_score_display_settings       [   0.26436] Single Buffer requirement not met.
display  D   display_settings.c:214  debug_display_settings           [   0.26443] color: 32 (rgba 8880), depth: 16, stencil: 0, acc: 0000, samples: 3/1
display  D   display_settings.c:400  _al_score_display_settings       [   0.26451] Single Buffer requirement not met.
display  D   display_settings.c:214  debug_display_settings           [   0.26458] color: 32 (rgba 8880), depth: 16, stencil: 0, acc: 0000, samples: 4/1
display  D   display_settings.c:400  _al_score_display_settings       [   0.26466] Single Buffer requirement not met.
display  D   display_settings.c:214  debug_display_settings           [   0.26473] color: 16 (rgba 5650), depth: 0, stencil: 0, acc: 0000, samples: 0/0
display  D   display_settings.c:400  _al_score_display_settings       [   0.26480] Single Buffer requirement not met.
display  D   display_settings.c:214  debug_display_settings           [   0.26487] color: 16 (rgba 5650), depth: 0, stencil: 0, acc: 0000, samples: 0/0
display  D   display_settings.c:400  _al_score_display_settings       [   0.26494] Single Buffer requirement not met.
display  D   display_settings.c:214  debug_display_settings           [   0.26501] color: 16 (rgba 5650), depth: 0, stencil: 0, acc: 0000, samples: 2/1
display  D   display_settings.c:400  _al_score_display_settings       [   0.26509] Single Buffer requirement not met.
display  D   display_settings.c:214  debug_display_settings           [   0.26516] color: 16 (rgba 5650), depth: 0, stencil: 0, acc: 0000, samples: 3/1
display  D   display_settings.c:400  _al_score_display_settings       [   0.26523] Single Buffer requirement not met.
display  D   display_settings.c:214  debug_display_settings           [   0.26529] color: 16 (rgba 5650), depth: 0, stencil: 0, acc: 0000, samples: 4/1
display  D   display_settings.c:400  _al_score_display_settings       [   0.26537] Single Buffer requirement not met.
display  D   display_settings.c:214  debug_display_settings           [   0.26544] color: 16 (rgba 5650), depth: 24, stencil: 8, acc: 0000, samples: 0/0
display  D   display_settings.c:400  _al_score_display_settings       [   0.26552] Single Buffer requirement not met.
display  D   display_settings.c:214  debug_display_settings           [   0.26560] color: 16 (rgba 5650), depth: 24, stencil: 8, acc: 0000, samples: 0/0
display  D   display_settings.c:400  _al_score_display_settings       [   0.26569] Single Buffer requirement not met.
display  D   display_settings.c:214  debug_display_settings           [   0.26577] color: 16 (rgba 5650), depth: 24, stencil: 8, acc: 0000, samples: 2/1
display  D   display_settings.c:400  _al_score_display_settings       [   0.26584] Single Buffer requirement not met.
display  D   display_settings.c:214  debug_display_settings           [   0.26592] color: 16 (rgba 5650), depth: 24, stencil: 8, acc: 0000, samples: 3/1
display  D   display_settings.c:400  _al_score_display_settings       [   0.26627] Single Buffer requirement not met.
display  D   display_settings.c:214  debug_display_settings           [   0.26635] color: 16 (rgba 5650), depth: 24, stencil: 8, acc: 0000, samples: 4/1
display  D   display_settings.c:400  _al_score_display_settings       [   0.26642] Single Buffer requirement not met.
display  D   display_settings.c:214  debug_display_settings           [   0.26653] color: 16 (rgba 5650), depth: 24, stencil: 0, acc: 0000, samples: 0/0
display  D   display_settings.c:400  _al_score_display_settings       [   0.26660] Single Buffer requirement not met.
display  D   display_settings.c:214  debug_display_settings           [   0.26669] color: 16 (rgba 5650), depth: 24, stencil: 0, acc: 0000, samples: 0/0
display  D   display_settings.c:400  _al_score_display_settings       [   0.26676] Single Buffer requirement not met.
display  D   display_settings.c:214  debug_display_settings           [   0.26683] color: 16 (rgba 5650), depth: 24, stencil: 0, acc: 0000, samples: 2/1
display  D   display_settings.c:400  _al_score_display_settings       [   0.26696] Single Buffer requirement not met.
display  D   display_settings.c:214  debug_display_settings           [   0.26731] color: 16 (rgba 5650), depth: 24, stencil: 0, acc: 0000, samples: 3/1
display  D   display_settings.c:400  _al_score_display_settings       [   0.26751] Single Buffer requirement not met.
display  D   display_settings.c:214  debug_display_settings           [   0.26758] color: 16 (rgba 5650), depth: 24, stencil: 0, acc: 0000, samples: 4/1
display  D   display_settings.c:400  _al_score_display_settings       [   0.26765] Single Buffer requirement not met.
display  D   display_settings.c:214  debug_display_settings           [   0.26773] color: 16 (rgba 5650), depth: 16, stencil: 0, acc: 0000, samples: 0/0
display  D   display_settings.c:400  _al_score_display_settings       [   0.26780] Single Buffer requirement not met.
display  D   display_settings.c:214  debug_display_settings           [   0.26787] color: 16 (rgba 5650), depth: 16, stencil: 0, acc: 0000, samples: 0/0
display  D   display_settings.c:400  _al_score_display_settings       [   0.26794] Single Buffer requirement not met.
display  D   display_settings.c:214  debug_display_settings           [   0.26801] color: 16 (rgba 5650), depth: 16, stencil: 0, acc: 0000, samples: 2/1
display  D   display_settings.c:400  _al_score_display_settings       [   0.26810] Single Buffer requirement not met.
display  D   display_settings.c:214  debug_display_settings           [   0.26817] color: 16 (rgba 5650), depth: 16, stencil: 0, acc: 0000, samples: 3/1
display  D   display_settings.c:400  _al_score_display_settings       [   0.26824] Single Buffer requirement not met.
display  D   display_settings.c:214  debug_display_settings           [   0.26830] color: 16 (rgba 5650), depth: 16, stencil: 0, acc: 0000, samples: 4/1
display  D   display_settings.c:400  _al_score_display_settings       [   0.26838] Single Buffer requirement not met.
display  D   display_settings.c:214  debug_display_settings           [   0.26845] color: 32 (rgba 8880), depth: 0, stencil: 0, acc: 0000, samples: 0/0
display  D   display_settings.c:529  _al_score_display_settings       [   0.26852] Score is : 769
display  D   display_settings.c:214  debug_display_settings           [   0.26859] color: 32 (rgba 8880), depth: 0, stencil: 0, acc: 0000, samples: 0/0
display  D   display_settings.c:529  _al_score_display_settings       [   0.26866] Score is : 769
display  D   display_settings.c:214  debug_display_settings           [   0.26873] color: 32 (rgba 8880), depth: 0, stencil: 0, acc: 0000, samples: 2/1
display  D   display_settings.c:529  _al_score_display_settings       [   0.26880] Score is : 598
display  D   display_settings.c:214  debug_display_settings           [   0.26887] color: 32 (rgba 8880), depth: 0, stencil: 0, acc: 0000, samples: 3/1
display  D   display_settings.c:529  _al_score_display_settings       [   0.26894] Score is : 593
display  D   display_settings.c:214  debug_display_settings           [   0.26901] color: 32 (rgba 8880), depth: 0, stencil: 0, acc: 0000, samples: 4/1
display  D   display_settings.c:529  _al_score_display_settings       [   0.26907] Score is : 589
display  D   display_settings.c:214  debug_display_settings           [   0.26914] color: 32 (rgba 8880), depth: 24, stencil: 8, acc: 0000, samples: 0/0
display  D   display_settings.c:529  _al_score_display_settings       [   0.26921] Score is : 769
display  D   display_settings.c:214  debug_display_settings           [   0.26928] color: 32 (rgba 8880), depth: 24, stencil: 8, acc: 0000, samples: 0/0
display  D   display_settings.c:529  _al_score_display_settings       [   0.26935] Score is : 769
display  D   display_settings.c:214  debug_display_settings           [   0.26942] color: 32 (rgba 8880), depth: 24, stencil: 8, acc: 0000, samples: 2/1
display  D   display_settings.c:529  _al_score_display_settings       [   0.26949] Score is : 598
display  D   display_settings.c:214  debug_display_settings           [   0.26956] color: 32 (rgba 8880), depth: 24, stencil: 8, acc: 0000, samples: 3/1
display  D   display_settings.c:529  _al_score_display_settings       [   0.26963] Score is : 593
display  D   display_settings.c:214  debug_display_settings           [   0.26969] color: 32 (rgba 8880), depth: 24, stencil: 8, acc: 0000, samples: 4/1
display  D   display_settings.c:529  _al_score_display_settings       [   0.26976] Score is : 589
display  D   display_settings.c:214  debug_display_settings           [   0.26983] color: 32 (rgba 8880), depth: 24, stencil: 0, acc: 0000, samples: 0/0
display  D   display_settings.c:529  _al_score_display_settings       [   0.26990] Score is : 769
display  D   display_settings.c:214  debug_display_settings           [   0.26996] color: 32 (rgba 8880), depth: 24, stencil: 0, acc: 0000, samples: 0/0
display  D   display_settings.c:529  _al_score_display_settings       [   0.27003] Score is : 769
display  D   display_settings.c:214  debug_display_settings           [   0.27010] color: 32 (rgba 8880), depth: 24, stencil: 0, acc: 0000, samples: 2/1
display  D   display_settings.c:529  _al_score_display_settings       [   0.27017] Score is : 598
display  D   display_settings.c:214  debug_display_settings           [   0.27023] color: 32 (rgba 8880), depth: 24, stencil: 0, acc: 0000, samples: 3/1
display  D   display_settings.c:529  _al_score_display_settings       [   0.27030] Score is : 593
display  D   display_settings.c:214  debug_display_settings           [   0.27037] color: 32 (rgba 8880), depth: 24, stencil: 0, acc: 0000, samples: 4/1
display  D   display_settings.c:529  _al_score_display_settings       [   0.27044] Score is : 589
display  D   display_settings.c:214  debug_display_settings           [   0.27051] color: 32 (rgba 8880), depth: 16, stencil: 0, acc: 0000, samples: 0/0
display  D   display_settings.c:529  _al_score_display_settings       [   0.27058] Score is : 769
display  D   display_settings.c:214  debug_display_settings           [   0.27064] color: 32 (rgba 8880), depth: 16, stencil: 0, acc: 0000, samples: 0/0
display  D   display_settings.c:529  _al_score_display_settings       [   0.27071] Score is : 769
display  D   display_settings.c:214  debug_display_settings           [   0.27077] color: 32 (rgba 8880), depth: 16, stencil: 0, acc: 0000, samples: 2/1
display  D   display_settings.c:529  _al_score_display_settings       [   0.27085] Score is : 598
display  D   display_settings.c:214  debug_display_settings           [   0.27091] color: 32 (rgba 8880), depth: 16, stencil: 0, acc: 0000, samples: 3/1
display  D   display_settings.c:529  _al_score_display_settings       [   0.27098] Score is : 593
display  D   display_settings.c:214  debug_display_settings           [   0.27105] color: 32 (rgba 8880), depth: 16, stencil: 0, acc: 0000, samples: 4/1
display  D   display_settings.c:529  _al_score_display_settings       [   0.27112] Score is : 589
display  D   display_settings.c:214  debug_display_settings           [   0.27118] color: 16 (rgba 5650), depth: 0, stencil: 0, acc: 0000, samples: 0/0
display  D   display_settings.c:529  _al_score_display_settings       [   0.27125] Score is : 769
display  D   display_settings.c:214  debug_display_settings           [   0.27132] color: 16 (rgba 5650), depth: 0, stencil: 0, acc: 0000, samples: 0/0
display  D   display_settings.c:529  _al_score_display_settings       [   0.27139] Score is : 769
display  D   display_settings.c:214  debug_display_settings           [   0.27145] color: 16 (rgba 5650), depth: 0, stencil: 0, acc: 0000, samples: 2/1
display  D   display_settings.c:529  _al_score_display_settings       [   0.27153] Score is : 598
display  D   display_settings.c:214  debug_display_settings           [   0.27159] color: 16 (rgba 5650), depth: 0, stencil: 0, acc: 0000, samples: 3/1
display  D   display_settings.c:529  _al_score_display_settings       [   0.27167] Score is : 593
display  D   display_settings.c:214  debug_display_settings           [   0.27173] color: 16 (rgba 5650), depth: 0, stencil: 0, acc: 0000, samples: 4/1
display  D   display_settings.c:529  _al_score_display_settings       [   0.27181] Score is : 589
display  D   display_settings.c:214  debug_display_settings           [   0.27187] color: 16 (rgba 5650), depth: 24, stencil: 8, acc: 0000, samples: 0/0
display  D   display_settings.c:529  _al_score_display_settings       [   0.27194] Score is : 769
display  D   display_settings.c:214  debug_display_settings           [   0.27201] color: 16 (rgba 5650), depth: 24, stencil: 8, acc: 0000, samples: 0/0
display  D   display_settings.c:529  _al_score_display_settings       [   0.27207] Score is : 769
display  D   display_settings.c:214  debug_display_settings           [   0.27214] color: 16 (rgba 5650), depth: 24, stencil: 8, acc: 0000, samples: 2/1
display  D   display_settings.c:529  _al_score_display_settings       [   0.27221] Score is : 598
display  D   display_settings.c:214  debug_display_settings           [   0.27227] color: 16 (rgba 5650), depth: 24, stencil: 8, acc: 0000, samples: 3/1
display  D   display_settings.c:529  _al_score_display_settings       [   0.27235] Score is : 593
display  D   display_settings.c:214  debug_display_settings           [   0.27241] color: 16 (rgba 5650), depth: 24, stencil: 8, acc: 0000, samples: 4/1
display  D   display_settings.c:529  _al_score_display_settings       [   0.27248] Score is : 589
display  D   display_settings.c:214  debug_display_settings           [   0.27255] color: 16 (rgba 5650), depth: 24, stencil: 0, acc: 0000, samples: 0/0
display  D   display_settings.c:529  _al_score_display_settings       [   0.27262] Score is : 769
display  D   display_settings.c:214  debug_display_settings           [   0.27269] color: 16 (rgba 5650), depth: 24, stencil: 0, acc: 0000, samples: 0/0
display  D   display_settings.c:529  _al_score_display_settings       [   0.27276] Score is : 769
display  D   display_settings.c:214  debug_display_settings           [   0.27282] color: 16 (rgba 5650), depth: 24, stencil: 0, acc: 0000, samples: 2/1
display  D   display_settings.c:529  _al_score_display_settings       [   0.27289] Score is : 598
display  D   display_settings.c:214  debug_display_settings           [   0.27296] color: 16 (rgba 5650), depth: 24, stencil: 0, acc: 0000, samples: 3/1
display  D   display_settings.c:529  _al_score_display_settings       [   0.27304] Score is : 593
display  D   display_settings.c:214  debug_display_settings           [   0.27310] color: 16 (rgba 5650), depth: 24, stencil: 0, acc: 0000, samples: 4/1
display  D   display_settings.c:529  _al_score_display_settings       [   0.27317] Score is : 589
display  D   display_settings.c:214  debug_display_settings           [   0.27323] color: 16 (rgba 5650), depth: 16, stencil: 0, acc: 0000, samples: 0/0
display  D   display_settings.c:529  _al_score_display_settings       [   0.27330] Score is : 769
display  D   display_settings.c:214  debug_display_settings           [   0.27337] color: 16 (rgba 5650), depth: 16, stencil: 0, acc: 0000, samples: 0/0
display  D   display_settings.c:529  _al_score_display_settings       [   0.27344] Score is : 769
display  D   display_settings.c:214  debug_display_settings           [   0.27351] color: 16 (rgba 5650), depth: 16, stencil: 0, acc: 0000, samples: 2/1
display  D   display_settings.c:529  _al_score_display_settings       [   0.27358] Score is : 598
display  D   display_settings.c:214  debug_display_settings           [   0.27364] color: 16 (rgba 5650), depth: 16, stencil: 0, acc: 0000, samples: 3/1
display  D   display_settings.c:529  _al_score_display_settings       [   0.27371] Score is : 593
display  D   display_settings.c:214  debug_display_settings           [   0.27378] color: 16 (rgba 5650), depth: 16, stencil: 0, acc: 0000, samples: 4/1
display  D   display_settings.c:529  _al_score_display_settings       [   0.27385] Score is : 589
display  D   display_settings.c:214  debug_display_settings           [   0.27392] color: 32 (rgba 8880), depth: 0, stencil: 0, acc: 0000, samples: 0/0
display  D   display_settings.c:400  _al_score_display_settings       [   0.27399] Single Buffer requirement not met.
display  D   display_settings.c:214  debug_display_settings           [   0.27405] color: 32 (rgba 8880), depth: 0, stencil: 0, acc: 0000, samples: 0/0
display  D   display_settings.c:400  _al_score_display_settings       [   0.27412] Single Buffer requirement not met.
display  D   display_settings.c:214  debug_display_settings           [   0.27419] color: 32 (rgba 8880), depth: 0, stencil: 0, acc: 0000, samples: 2/1
display  D   display_settings.c:400  _al_score_display_settings       [   0.27426] Single Buffer requirement not met.
display  D   display_settings.c:214  debug_display_settings           [   0.27433] color: 32 (rgba 8880), depth: 0, stencil: 0, acc: 0000, samples: 3/1
display  D   display_settings.c:400  _al_score_display_settings       [   0.27440] Single Buffer requirement not met.
display  D   display_settings.c:214  debug_display_settings           [   0.27447] color: 32 (rgba 8880), depth: 0, stencil: 0, acc: 0000, samples: 4/1
display  D   display_settings.c:400  _al_score_display_settings       [   0.27454] Single Buffer requirement not met.
display  D   display_settings.c:214  debug_display_settings           [   0.27461] color: 32 (rgba 8880), depth: 24, stencil: 8, acc: 0000, samples: 0/0
display  D   display_settings.c:400  _al_score_display_settings       [   0.27470] Single Buffer requirement not met.
display  D   display_settings.c:214  debug_display_settings           [   0.27509] color: 32 (rgba 8880), depth: 24, stencil: 8, acc: 0000, samples: 0/0
display  D   display_settings.c:400  _al_score_display_settings       [   0.27518] Single Buffer requirement not met.
display  D   display_settings.c:214  debug_display_settings           [   0.27527] color: 32 (rgba 8880), depth: 24, stencil: 8, acc: 0000, samples: 2/1
display  D   display_settings.c:400  _al_score_display_settings       [   0.27535] Single Buffer requirement not met.
display  D   display_settings.c:214  debug_display_settings           [   0.27542] color: 32 (rgba 8880), depth: 24, stencil: 8, acc: 0000, samples: 3/1
display  D   display_settings.c:400  _al_score_display_settings       [   0.27550] Single Buffer requirement not met.
display  D   display_settings.c:214  debug_display_settings           [   0.27559] color: 32 (rgba 8880), depth: 24, stencil: 8, acc: 0000, samples: 4/1
display  D   display_settings.c:400  _al_score_display_settings       [   0.27568] Single Buffer requirement not met.
display  D   display_settings.c:214  debug_display_settings           [   0.27583] color: 32 (rgba 8880), depth: 24, stencil: 0, acc: 0000, samples: 0/0
display  D   display_settings.c:400  _al_score_display_settings       [   0.27592] Single Buffer requirement not met.
display  D   display_settings.c:214  debug_display_settings           [   0.27600] color: 32 (rgba 8880), depth: 24, stencil: 0, acc: 0000, samples: 0/0
display  D   display_settings.c:400  _al_score_display_settings       [   0.27608] Single Buffer requirement not met.
display  D   display_settings.c:214  debug_display_settings           [   0.27615] color: 32 (rgba 8880), depth: 24, stencil: 0, acc: 0000, samples: 2/1
display  D   display_settings.c:400  _al_score_display_settings       [   0.27629] Single Buffer requirement not met.
display  D   display_settings.c:214  debug_display_settings           [   0.27636] color: 32 (rgba 8880), depth: 24, stencil: 0, acc: 0000, samples: 3/1
display  D   display_settings.c:400  _al_score_display_settings       [   0.27649] Single Buffer requirement not met.
display  D   display_settings.c:214  debug_display_settings           [   0.27662] color: 32 (rgba 8880), depth: 24, stencil: 0, acc: 0000, samples: 4/1
display  D   display_settings.c:400  _al_score_display_settings       [   0.27672] Single Buffer requirement not met.
display  D   display_settings.c:214  debug_display_settings           [   0.27704] color: 32 (rgba 8880), depth: 16, stencil: 0, acc: 0000, samples: 0/0
display  D   display_settings.c:400  _al_score_display_settings       [   0.27729] Single Buffer requirement not met.
display  D   display_settings.c:214  debug_display_settings           [   0.27751] color: 32 (rgba 8880), depth: 16, stencil: 0, acc: 0000, samples: 0/0
display  D   display_settings.c:400  _al_score_display_settings       [   0.27761] Single Buffer requirement not met.
display  D   display_settings.c:214  debug_display_settings           [   0.27771] color: 32 (rgba 8880), depth: 16, stencil: 0, acc: 0000, samples: 2/1
display  D   display_settings.c:400  _al_score_display_settings       [   0.27779] Single Buffer requirement not met.
display  D   display_settings.c:214  debug_display_settings           [   0.27787] color: 32 (rgba 8880), depth: 16, stencil: 0, acc: 0000, samples: 3/1
display  D   display_settings.c:400  _al_score_display_settings       [   0.27795] Single Buffer requirement not met.
display  D   display_settings.c:214  debug_display_settings           [   0.27802] color: 32 (rgba 8880), depth: 16, stencil: 0, acc: 0000, samples: 4/1
display  D   display_settings.c:400  _al_score_display_settings       [   0.27810] Single Buffer requirement not met.
display  D   display_settings.c:214  debug_display_settings           [   0.27817] color: 16 (rgba 5650), depth: 0, stencil: 0, acc: 0000, samples: 0/0
display  D   display_settings.c:400  _al_score_display_settings       [   0.27828] Single Buffer requirement not met.
display  D   display_settings.c:214  debug_display_settings           [   0.27838] color: 16 (rgba 5650), depth: 0, stencil: 0, acc: 0000, samples: 0/0
display  D   display_settings.c:400  _al_score_display_settings       [   0.27848] Single Buffer requirement not met.
display  D   display_settings.c:214  debug_display_settings           [   0.27854] color: 16 (rgba 5650), depth: 0, stencil: 0, acc: 0000, samples: 2/1
display  D   display_settings.c:400  _al_score_display_settings       [   0.27861] Single Buffer requirement not met.
display  D   display_settings.c:214  debug_display_settings           [   0.27868] color: 16 (rgba 5650), depth: 0, stencil: 0, acc: 0000, samples: 3/1
display  D   display_settings.c:400  _al_score_display_settings       [   0.27877] Single Buffer requirement not met.
display  D   display_settings.c:214  debug_display_settings           [   0.27884] color: 16 (rgba 5650), depth: 0, stencil: 0, acc: 0000, samples: 4/1
display  D   display_settings.c:400  _al_score_display_settings       [   0.27895] Single Buffer requirement not met.
display  D   display_settings.c:214  debug_display_settings           [   0.27901] color: 16 (rgba 5650), depth: 24, stencil: 8, acc: 0000, samples: 0/0
display  D   display_settings.c:400  _al_score_display_settings       [   0.27912] Single Buffer requirement not met.
display  D   display_settings.c:214  debug_display_settings           [   0.27919] color: 16 (rgba 5650), depth: 24, stencil: 8, acc: 0000, samples: 0/0
display  D   display_settings.c:400  _al_score_display_settings       [   0.27926] Single Buffer requirement not met.
display  D   display_settings.c:214  debug_display_settings           [   0.27933] color: 16 (rgba 5650), depth: 24, stencil: 8, acc: 0000, samples: 2/1
display  D   display_settings.c:400  _al_score_display_settings       [   0.27941] Single Buffer requirement not met.
display  D   display_settings.c:214  debug_display_settings           [   0.27949] color: 16 (rgba 5650), depth: 24, stencil: 8, acc: 0000, samples: 3/1
display  D   display_settings.c:400  _al_score_display_settings       [   0.27956] Single Buffer requirement not met.
display  D   display_settings.c:214  debug_display_settings           [   0.27963] color: 16 (rgba 5650), depth: 24, stencil: 8, acc: 0000, samples: 4/1
display  D   display_settings.c:400  _al_score_display_settings       [   0.27974] Single Buffer requirement not met.
display  D   display_settings.c:214  debug_display_settings           [   0.27981] color: 16 (rgba 5650), depth: 24, stencil: 0, acc: 0000, samples: 0/0
display  D   display_settings.c:400  _al_score_display_settings       [   0.27989] Single Buffer requirement not met.
display  D   display_settings.c:214  debug_display_settings           [   0.27996] color: 16 (rgba 5650), depth: 24, stencil: 0, acc: 0000, samples: 0/0
display  D   display_settings.c:400  _al_score_display_settings       [   0.28004] Single Buffer requirement not met.
display  D   display_settings.c:214  debug_display_settings           [   0.28012] color: 16 (rgba 5650), depth: 24, stencil: 0, acc: 0000, samples: 2/1
display  D   display_settings.c:400  _al_score_display_settings       [   0.28019] Single Buffer requirement not met.
display  D   display_settings.c:214  debug_display_settings           [   0.28028] color: 16 (rgba 5650), depth: 24, stencil: 0, acc: 0000, samples: 3/1
display  D   display_settings.c:400  _al_score_display_settings       [   0.28038] Single Buffer requirement not met.
display  D   display_settings.c:214  debug_display_settings           [   0.28044] color: 16 (rgba 5650), depth: 24, stencil: 0, acc: 0000, samples: 4/1
display  D   display_settings.c:400  _al_score_display_settings       [   0.28052] Single Buffer requirement not met.
display  D   display_settings.c:214  debug_display_settings           [   0.28061] color: 16 (rgba 5650), depth: 16, stencil: 0, acc: 0000, samples: 0/0
display  D   display_settings.c:400  _al_score_display_settings       [   0.28070] Single Buffer requirement not met.
display  D   display_settings.c:214  debug_display_settings           [   0.28076] color: 16 (rgba 5650), depth: 16, stencil: 0, acc: 0000, samples: 0/0
display  D   display_settings.c:400  _al_score_display_settings       [   0.28084] Single Buffer requirement not met.
display  D   display_settings.c:214  debug_display_settings           [   0.28090] color: 16 (rgba 5650), depth: 16, stencil: 0, acc: 0000, samples: 2/1
display  D   display_settings.c:400  _al_score_display_settings       [   0.28101] Single Buffer requirement not met.
display  D   display_settings.c:214  debug_display_settings           [   0.28108] color: 16 (rgba 5650), depth: 16, stencil: 0, acc: 0000, samples: 3/1
display  D   display_settings.c:400  _al_score_display_settings       [   0.28115] Single Buffer requirement not met.
display  D   display_settings.c:214  debug_display_settings           [   0.28122] color: 16 (rgba 5650), depth: 16, stencil: 0, acc: 0000, samples: 4/1
display  D   display_settings.c:400  _al_score_display_settings       [   0.28129] Single Buffer requirement not met.
d3d      D         d3d_disp.cpp:1677 d3d_create_display_internals     [   0.28139] Trying format 0.
d3d      I         d3d_disp.cpp:1353 d3d_display_thread_proc          [   0.28214] Chose a display format: 23
d3d      I         d3d_disp.cpp:1422 d3d_display_thread_proc          [   0.28223] Normal window.
d3d      I         d3d_disp.cpp:786  d3d_create_device                [   0.30923] Using no depth stencil buffer
d3d      D         d3d_disp.cpp:848  d3d_create_device                [   0.41222] BeginScene succeeded in create_device
d3d      D         d3d_disp.cpp:856  d3d_create_device                [   0.41247] Success
d3d      D         d3d_disp.cpp:1703 d3d_create_display_internals     [   0.41269] Resumed after wait.
d3d      I         d3d_disp.cpp:1736 d3d_create_display_internals     [   0.41286] Format 0 succeeded.
d3d      D         d3d_disp.cpp:1767 d3d_create_display_internals     [   0.41300] Returning d3d_display: 000001D44863BAF0
d3d      D         d3d_disp.cpp:1792 d3d_create_display_locked        [   0.41315] al_display=000001D44863BAF0
d3d      D         d3d_disp.cpp:1793 d3d_create_display_locked        [   0.41328] al_display->vt=000001D4463EC320
dtor     D               dtor.c:196  _al_register_destructor          [   0.41844] added dtor for timer 000001D448780DF0, func 00007FFE5E431050
dtor     D               dtor.c:196  _al_register_destructor          [   0.41910] added dtor for queue 000001D4488B3B50, func 00007FFE5E431C53
stdio    D         file_stdio.c:107  file_stdio_fopen                 [   0.42057] opening ./assets/Fonte_inimigo.ttf rb
font     D                ttf.c:971  al_load_ttf_font_stretch_f       [   0.42114] Font ./assets/Fonte_inimigo.ttf loaded with pixel size 0 x 26.
font     D                ttf.c:973  al_load_ttf_font_stretch_f       [   0.42129]     ascent=46.0, descent=9.0, height=36.0
dtor     D               dtor.c:196  _al_register_destructor          [   0.42148] added dtor for ttf_font 000001D4486135B0, func 00007FFE84A5129E
stdio    D         file_stdio.c:107  file_stdio_fopen                 [   0.42156] opening ./assets/botao.png rb
stdio    D         file_stdio.c:107  file_stdio_fopen                 [   0.42185] opening ./assets/botao.png rb
d3d      D         d3d_disp.cpp:1197 real_choose_bitmap_format        [   0.42219] Fake format
d3d      D         d3d_disp.cpp:1197 real_choose_bitmap_format        [   0.42238] Fake format
d3d      D         d3d_disp.cpp:1197 real_choose_bitmap_format        [   0.42249] Fake format
d3d      D         d3d_disp.cpp:1197 real_choose_bitmap_format        [   0.42264] Fake format
d3d      D         d3d_disp.cpp:1197 real_choose_bitmap_format        [   0.42273] Fake format
d3d      D         d3d_disp.cpp:1197 real_choose_bitmap_format        [   0.42288] Fake format
d3d      D         d3d_disp.cpp:1197 real_choose_bitmap_format        [   0.42299] Fake format
d3d      D         d3d_disp.cpp:1197 real_choose_bitmap_format        [   0.42311] Fake format
d3d      D         d3d_disp.cpp:1197 real_choose_bitmap_format        [   0.42320] Fake format
d3d      D         d3d_disp.cpp:1205 real_choose_bitmap_format        [   0.42333] Alpha doesn't match
d3d      D         d3d_disp.cpp:1212 real_choose_bitmap_format        [   0.42343] Adapter format is 23
d3d      D         d3d_disp.cpp:1215 real_choose_bitmap_format        [   0.42357] Found a format
d3d      I         d3d_disp.cpp:2386 d3d_create_bitmap                [   0.42372] Chose bitmap format 9
dtor     D               dtor.c:196  _al_register_destructor          [   0.42441] added dtor for bitmap 000001D4488BEF20, func 00007FFE5E431190
stdio    D         file_stdio.c:107  file_stdio_fopen                 [   0.42488] opening ./assets/Sound_effect/botao.ogg rb
acodec   I                ogg.c:197  _al_load_ogg_vorbis              [   0.42521] Loading sample ./assets/Sound_effect/botao.ogg.
stdio    D         file_stdio.c:107  file_stdio_fopen                 [   0.42537] opening ./assets/Sound_effect/botao.ogg rb
acodec   D                ogg.c:256  _al_load_ogg_vorbis_f            [   0.42589] channels 2
acodec   D                ogg.c:257  _al_load_ogg_vorbis_f            [   0.42602] word_size 2
acodec   D                ogg.c:258  _al_load_ogg_vorbis_f            [   0.42617] rate 48000
acodec   D                ogg.c:259  _al_load_ogg_vorbis_f            [   0.42632] total_samples 48384
acodec   D                ogg.c:260  _al_load_ogg_vorbis_f            [   0.42643] total_size 193536
dtor     D               dtor.c:196  _al_register_destructor          [   0.42846] added dtor for sample 000001D4486169C0, func 00007FFE5F551528
stdio    D         file_stdio.c:107  file_stdio_fopen                 [   0.42866] opening ./assets/personagem.png rb
stdio    D         file_stdio.c:107  file_stdio_fopen                 [   0.42897] opening ./assets/personagem.png rb
d3d      D         d3d_disp.cpp:1197 real_choose_bitmap_format        [   0.42920] Fake format
d3d      D         d3d_disp.cpp:1197 real_choose_bitmap_format        [   0.42935] Fake format
d3d      D         d3d_disp.cpp:1197 real_choose_bitmap_format        [   0.42949] Fake format
d3d      D         d3d_disp.cpp:1197 real_choose_bitmap_format        [   0.42957] Fake format
d3d      D         d3d_disp.cpp:1197 real_choose_bitmap_format        [   0.42972] Fake format
d3d      D         d3d_disp.cpp:1197 real_choose_bitmap_format        [   0.42980] Fake format
d3d      D         d3d_disp.cpp:1197 real_choose_bitmap_format        [   0.42995] Fake format
d3d      D         d3d_disp.cpp:1197 real_choose_bitmap_format        [   0.43005] Fake format
d3d      D         d3d_disp.cpp:1197 real_choose_bitmap_format        [   0.43019] Fake format
d3d      D         d3d_disp.cpp:1205 real_choose_bitmap_format        [   0.43028] Alpha doesn't match
d3d      D         d3d_disp.cpp:1212 real_choose_bitmap_format        [   0.43035] Adapter format is 23
d3d      D         d3d_disp.cpp:1215 real_choose_bitmap_format        [   0.43042] Found a format
d3d      I         d3d_disp.cpp:2386 d3d_create_bitmap                [   0.43052] Chose bitmap format 9
dtor     D               dtor.c:196  _al_register_destructor          [   0.43116] added dtor for bitmap 000001D4488AA4B0, func 00007FFE5E431190
stdio    D         file_stdio.c:107  file_stdio_fopen                 [   0.43526] opening ./assets/ataque.png rb
stdio    D         file_stdio.c:107  file_stdio_fopen                 [   0.43674] opening ./assets/ataque.png rb
d3d      D         d3d_disp.cpp:1197 real_choose_bitmap_format        [   0.43737] Fake format
d3d      D         d3d_disp.cpp:1197 real_choose_bitmap_format        [   0.43748] Fake format
d3d      D         d3d_disp.cpp:1197 real_choose_bitmap_format        [   0.43755] Fake format
d3d      D         d3d_disp.cpp:1197 real_choose_bitmap_format        [   0.43761] Fake format
d3d      D         d3d_disp.cpp:1197 real_choose_bitmap_format        [   0.43768] Fake format
d3d      D         d3d_disp.cpp:1197 real_choose_bitmap_format        [   0.43775] Fake format
d3d      D         d3d_disp.cpp:1197 real_choose_bitmap_format        [   0.43782] Fake format
d3d      D         d3d_disp.cpp:1197 real_choose_bitmap_format        [   0.43789] Fake format
d3d      D         d3d_disp.cpp:1197 real_choose_bitmap_format        [   0.43797] Fake format
d3d      D         d3d_disp.cpp:1205 real_choose_bitmap_format        [   0.43804] Alpha doesn't match
d3d      D         d3d_disp.cpp:1212 real_choose_bitmap_format        [   0.43811] Adapter format is 23
d3d      D         d3d_disp.cpp:1215 real_choose_bitmap_format        [   0.43817] Found a format
d3d      I         d3d_disp.cpp:2386 d3d_create_bitmap                [   0.43825] Chose bitmap format 9
dtor     D               dtor.c:196  _al_register_destructor          [   0.43911] added dtor for bitmap 000001D4488C5060, func 00007FFE5E431190
stdio    D         file_stdio.c:107  file_stdio_fopen                 [   0.43940] opening ./assets/vida.png rb
stdio    D         file_stdio.c:107  file_stdio_fopen                 [   0.43973] opening ./assets/vida.png rb
d3d      D         d3d_disp.cpp:1197 real_choose_bitmap_format        [   0.44004] Fake format
d3d      D         d3d_disp.cpp:1197 real_choose_bitmap_format        [   0.44020] Fake format
d3d      D         d3d_disp.cpp:1197 real_choose_bitmap_format        [   0.44037] Fake format
d3d      D         d3d_disp.cpp:1197 real_choose_bitmap_format        [   0.44052] Fake format
d3d      D         d3d_disp.cpp:1197 real_choose_bitmap_format        [   0.44060] Fake format
d3d      D         d3d_disp.cpp:1197 real_choose_bitmap_format        [   0.44068] Fake format
d3d      D         d3d_disp.cpp:1197 real_choose_bitmap_format        [   0.44076] Fake format
d3d      D         d3d_disp.cpp:1197 real_choose_bitmap_format        [   0.44084] Fake format
d3d      D         d3d_disp.cpp:1197 real_choose_bitmap_format        [   0.44096] Fake format
d3d      D         d3d_disp.cpp:1205 real_choose_bitmap_format        [   0.44112] Alpha doesn't match
d3d      D         d3d_disp.cpp:1212 real_choose_bitmap_format        [   0.44126] Adapter format is 23
d3d      D         d3d_disp.cpp:1215 real_choose_bitmap_format        [   0.44134] Found a format
d3d      I         d3d_disp.cpp:2386 d3d_create_bitmap                [   0.44143] Chose bitmap format 9
dtor     D               dtor.c:196  _al_register_destructor          [   0.44211] added dtor for bitmap 000001D4488A5510, func 00007FFE5E431190
stdio    D         file_stdio.c:107  file_stdio_fopen                 [   0.44253] opening ./assets/PixelOperatorMonoHB8.ttf rb
font     D                ttf.c:971  al_load_ttf_font_stretch_f       [   0.44297] Font ./assets/PixelOperatorMonoHB8.ttf loaded with pixel size 0 x 50.
font     D                ttf.c:973  al_load_ttf_font_stretch_f       [   0.44314]     ascent=44.0, descent=-7.0, height=55.0
dtor     D               dtor.c:196  _al_register_destructor          [   0.44323] added dtor for ttf_font 000001D4486164F0, func 00007FFE84A5129E
stdio    D         file_stdio.c:107  file_stdio_fopen                 [   0.44335] opening ./assets/Background_music/level_1_background.ogg rb
acodec   I                ogg.c:197  _al_load_ogg_vorbis              [   0.44365] Loading sample ./assets/Background_music/level_1_background.ogg.
stdio    D         file_stdio.c:107  file_stdio_fopen                 [   0.44378] opening ./assets/Background_music/level_1_background.ogg rb
acodec   D                ogg.c:256  _al_load_ogg_vorbis_f            [   0.44447] channels 2
acodec   D                ogg.c:257  _al_load_ogg_vorbis_f            [   0.44463] word_size 2
acodec   D                ogg.c:258  _al_load_ogg_vorbis_f            [   0.44473] rate 44100
acodec   D                ogg.c:259  _al_load_ogg_vorbis_f            [   0.44484] total_samples 11409408
acodec   D                ogg.c:260  _al_load_ogg_vorbis_f            [   0.44492] total_size 45637632
dtor     D               dtor.c:196  _al_register_destructor          [   0.87734] added dtor for sample 000001D448614F10, func 00007FFE5F551528
stdio    D         file_stdio.c:107  file_stdio_fopen                 [   0.87768] opening ./assets/level1background.png rb
stdio    D         file_stdio.c:107  file_stdio_fopen                 [   0.87827] opening ./assets/level1background.png rb
d3d      D         d3d_disp.cpp:1197 real_choose_bitmap_format        [   0.87858] Fake format
d3d      D         d3d_disp.cpp:1197 real_choose_bitmap_format        [   0.87869] Fake format
d3d      D         d3d_disp.cpp:1197 real_choose_bitmap_format        [   0.87877] Fake format
d3d      D         d3d_disp.cpp:1197 real_choose_bitmap_format        [   0.87884] Fake format
d3d      D         d3d_disp.cpp:1197 real_choose_bitmap_format        [   0.87891] Fake format
d3d      D         d3d_disp.cpp:1197 real_choose_bitmap_format        [   0.87899] Fake format
d3d      D         d3d_disp.cpp:1197 real_choose_bitmap_format        [   0.87905] Fake format
d3d      D         d3d_disp.cpp:1197 real_choose_bitmap_format        [   0.87925] Fake format
d3d      D         d3d_disp.cpp:1197 real_choose_bitmap_format        [   0.87938] Fake format
d3d      D         d3d_disp.cpp:1205 real_choose_bitmap_format        [   0.88001] Alpha doesn't match
d3d      D         d3d_disp.cpp:1212 real_choose_bitmap_format        [   0.88037] Adapter format is 23
d3d      D         d3d_disp.cpp:1215 real_choose_bitmap_format        [   0.88050] Found a format
d3d      I         d3d_disp.cpp:2386 d3d_create_bitmap                [   0.88059] Chose bitmap format 9
dtor     D               dtor.c:196  _al_register_destructor          [   0.88198] added dtor for bitmap 000001D4489D7A40, func 00007FFE5E431190
stdio    D         file_stdio.c:107  file_stdio_fopen                 [   0.91412] opening ./assets/fonteGameOver.ttf rb
font     D                ttf.c:971  al_load_ttf_font_stretch_f       [   0.91580] Font ./assets/fonteGameOver.ttf loaded with pixel size 0 x 30.
font     D                ttf.c:973  al_load_ttf_font_stretch_f       [   0.91625]     ascent=33.0, descent=-6.0, height=38.0
dtor     D               dtor.c:196  _al_register_destructor          [   0.91642] added dtor for ttf_font 000001D448616100, func 00007FFE84A5129E
audio    D          kcm_mixer.c:121  _al_rechannel_matrix             [   0.91914] sample matrix:
audio    D          kcm_mixer.c:127  _al_rechannel_matrix             [   0.91928]  0.707107 0.000000
audio    D          kcm_mixer.c:127  _al_rechannel_matrix             [   0.91936]  0.000000 0.707107
audio    D          kcm_mixer.c:121  _al_rechannel_matrix             [   0.91944] sample matrix:
audio    D          kcm_mixer.c:127  _al_rechannel_matrix             [   0.92071]  0.141421 0.000000
audio    D          kcm_mixer.c:127  _al_rechannel_matrix             [   0.92405]  0.000000 0.141421
d3d      D         d3d_disp.cpp:1197 real_choose_bitmap_format        [   0.92512] Fake format
d3d      D         d3d_disp.cpp:1197 real_choose_bitmap_format        [   0.92621] Fake format
d3d      D         d3d_disp.cpp:1197 real_choose_bitmap_format        [   0.92885] Fake format
d3d      D         d3d_disp.cpp:1197 real_choose_bitmap_format        [   0.92895] Fake format
d3d      D         d3d_disp.cpp:1197 real_choose_bitmap_format        [   0.93595] Fake format
d3d      D         d3d_disp.cpp:1197 real_choose_bitmap_format        [   0.93606] Fake format
d3d      D         d3d_disp.cpp:1197 real_choose_bitmap_format        [   0.93614] Fake format
d3d      D         d3d_disp.cpp:1197 real_choose_bitmap_format        [   0.93726] Fake format
d3d      D         d3d_disp.cpp:1197 real_choose_bitmap_format        [   0.93751] Fake format
d3d      D         d3d_disp.cpp:1205 real_choose_bitmap_format        [   0.93761] Alpha doesn't match
d3d      D         d3d_disp.cpp:1212 real_choose_bitmap_format        [   0.93823] Adapter format is 23
d3d      D         d3d_disp.cpp:1215 real_choose_bitmap_format        [   0.93837] Found a format
d3d      I         d3d_disp.cpp:2386 d3d_create_bitmap                [   0.93882] Chose bitmap format 9
font     D                ttf.c:243  alloc_glyph_region               [   0.94190] Glyph 21: 21x27 (24x28)
font     D                ttf.c:287  alloc_glyph_region               [   0.94229] Locking glyph region: 000001D448978060 0 0 24 28
font     D                ttf.c:167  unlock_current_page              [   0.94339] Unlocking page: 000001D448978060
font     D                ttf.c:475  cache_glyph                      [   0.94517] Glyph 3 has zero size.
font     D                ttf.c:243  alloc_glyph_region               [   0.94538] Glyph 14: 20x20 (20x20)
font     D                ttf.c:287  alloc_glyph_region               [   0.94559] Locking glyph region: 000001D448978060 24 0 20 20
font     D                ttf.c:167  unlock_current_page              [   0.94586] Unlocking page: 000001D448978060
font     D                ttf.c:243  alloc_glyph_region               [   0.94621] Glyph 32: 20x18 (20x20)
font     D                ttf.c:287  alloc_glyph_region               [   0.94633] Locking glyph region: 000001D448978060 44 0 20 20
font     D                ttf.c:167  unlock_current_page              [   0.94860] Unlocking page: 000001D448978060
font     D                ttf.c:243  alloc_glyph_region               [   0.94945] Glyph 23: 21x27 (24x28)
font     D                ttf.c:287  alloc_glyph_region               [   0.94970] Locking glyph region: 000001D448978060 64 0 24 28
font     D                ttf.c:167  unlock_current_page              [   0.95034] Unlocking page: 000001D448978060
font     D                ttf.c:243  alloc_glyph_region               [   0.95380] Glyph 25: 21x27 (24x28)
font     D                ttf.c:287  alloc_glyph_region               [   0.95396] Locking glyph region: 000001D448978060 88 0 24 28
font     D                ttf.c:167  unlock_current_page              [   0.95412] Unlocking page: 000001D448978060
font     D                ttf.c:243  alloc_glyph_region               [   0.95433] Glyph 91: 21x20 (24x20)
font     D                ttf.c:287  alloc_glyph_region               [   0.95482] Locking glyph region: 000001D448978060 112 0 24 20
font     D                ttf.c:167  unlock_current_page              [   0.95502] Unlocking page: 000001D448978060
font     D                ttf.c:243  alloc_glyph_region               [   0.95526] Glyph 86: 21x20 (24x20)
font     D                ttf.c:287  alloc_glyph_region               [   0.95557] Locking glyph region: 000001D448978060 136 0 24 20
font     D                ttf.c:167  unlock_current_page              [   0.95588] Unlocking page: 000001D448978060
font     D                ttf.c:243  alloc_glyph_region               [   0.95617] Glyph 72: 21x20 (24x20)
font     D                ttf.c:287  alloc_glyph_region               [   0.95656] Locking glyph region: 000001D448978060 160 0 24 20
font     D                ttf.c:167  unlock_current_page              [   0.95692] Unlocking page: 000001D448978060
font     D                ttf.c:243  alloc_glyph_region               [   0.95714] Glyph 70: 21x20 (24x20)
font     D                ttf.c:287  alloc_glyph_region               [   0.95734] Locking glyph region: 000001D448978060 184 0 24 20
font     D                ttf.c:167  unlock_current_page              [   0.95769] Unlocking page: 000001D448978060
font     D                ttf.c:243  alloc_glyph_region               [   0.95789] Glyph 11: 18x27 (20x28)
font     D                ttf.c:287  alloc_glyph_region               [   0.95800] Locking glyph region: 000001D448978060 208 0 20 28
font     D                ttf.c:167  unlock_current_page              [   0.95816] Unlocking page: 000001D448978060
font     D                ttf.c:243  alloc_glyph_region               [   0.95847] Glyph 12: 17x27 (20x28)
font     D                ttf.c:287  alloc_glyph_region               [   0.95858] Locking glyph region: 000001D448978060 228 0 20 28
font     D                ttf.c:167  unlock_current_page              [   0.95881] Unlocking page: 000001D448978060
font     D                ttf.c:243  alloc_glyph_region               [   0.95898] Glyph 20: 20x27 (20x28)
font     D                ttf.c:287  alloc_glyph_region               [   0.95923] Locking glyph region: 000001D448978060 248 0 20 28
font     D                ttf.c:167  unlock_current_page              [   0.95934] Unlocking page: 000001D448978060
font     D                ttf.c:243  alloc_glyph_region               [   0.95959] Glyph 18: 21x27 (24x28)
font     D                ttf.c:287  alloc_glyph_region               [   0.95970] Locking glyph region: 000001D448978060 268 0 24 28
font     D                ttf.c:167  unlock_current_page              [   0.95995] Unlocking page: 000001D448978060
font     D                ttf.c:243  alloc_glyph_region               [   0.96009] Glyph 82: 21x20 (24x20)
font     D                ttf.c:287  alloc_glyph_region               [   0.96023] Locking glyph region: 000001D448978060 292 0 24 20
font     D                ttf.c:167  unlock_current_page              [   0.96043] Unlocking page: 000001D448978060
font     D                ttf.c:243  alloc_glyph_region               [   0.96055] Glyph 19: 21x27 (24x28)
font     D                ttf.c:287  alloc_glyph_region               [   0.96063] Locking glyph region: 000001D448978060 316 0 24 28
font     D                ttf.c:167  unlock_current_page              [   0.96082] Unlocking page: 000001D448978060
font     D                ttf.c:243  alloc_glyph_region               [   0.96098] Glyph 15: 8x14 (8x16)
font     D                ttf.c:287  alloc_glyph_region               [   0.96110] Locking glyph region: 000001D448978060 340 0 8 16
font     D                ttf.c:167  unlock_current_page              [   0.96124] Unlocking page: 000001D448978060
font     D                ttf.c:243  alloc_glyph_region               [   0.96139] Glyph 24: 21x27 (24x28)
font     D                ttf.c:287  alloc_glyph_region               [   0.96147] Locking glyph region: 000001D448978060 348 0 24 28
font     D                ttf.c:167  unlock_current_page              [   0.96166] Unlocking page: 000001D448978060
d3d      D         d3d_disp.cpp:1197 real_choose_bitmap_format        [   0.96319] Fake format
d3d      D         d3d_disp.cpp:1197 real_choose_bitmap_format        [   0.96332] Fake format
d3d      D         d3d_disp.cpp:1197 real_choose_bitmap_format        [   0.96342] Fake format
d3d      D         d3d_disp.cpp:1197 real_choose_bitmap_format        [   0.96361] Fake format
d3d      D         d3d_disp.cpp:1197 real_choose_bitmap_format        [   0.96371] Fake format
d3d      D         d3d_disp.cpp:1197 real_choose_bitmap_format        [   0.96378] Fake format
d3d      D         d3d_disp.cpp:1197 real_choose_bitmap_format        [   0.96388] Fake format
d3d      D         d3d_disp.cpp:1197 real_choose_bitmap_format        [   0.96402] Fake format
d3d      D         d3d_disp.cpp:1197 real_choose_bitmap_format        [   0.96419] Fake format
d3d      D         d3d_disp.cpp:1205 real_choose_bitmap_format        [   0.96434] Alpha doesn't match
d3d      D         d3d_disp.cpp:1212 real_choose_bitmap_format        [   0.96447] Adapter format is 23
d3d      D         d3d_disp.cpp:1215 real_choose_bitmap_format        [   0.96460] Found a format
d3d      I         d3d_disp.cpp:2386 d3d_create_bitmap                [   0.96477] Chose bitmap format 9
font     D                ttf.c:243  alloc_glyph_region               [   0.96814] Glyph 49: 21x28 (24x28)
font     D                ttf.c:287  alloc_glyph_region               [   0.96943] Locking glyph region: 000001D448AAF210 0 0 24 28
font     D                ttf.c:167  unlock_current_page              [   0.97071] Unlocking page: 000001D448AAF210
font     D                ttf.c:243  alloc_glyph_region               [   0.97095] Glyph 48: 26x28 (28x28)
font     D                ttf.c:287  alloc_glyph_region               [   0.97127] Locking glyph region: 000001D448AAF210 24 0 28 28
font     D                ttf.c:167  unlock_current_page              [   0.97164] Unlocking page: 000001D448AAF210
font     D                ttf.c:243  alloc_glyph_region               [   0.97184] Glyph 47: 23x28 (24x28)
font     D                ttf.c:287  alloc_glyph_region               [   0.97218] Locking glyph region: 000001D448AAF210 52 0 24 28
font     D                ttf.c:167  unlock_current_page              [   0.97253] Unlocking page: 000001D448AAF210
font     D                ttf.c:243  alloc_glyph_region               [   0.97285] Glyph 53: 20x28 (20x28)
font     D                ttf.c:287  alloc_glyph_region               [   0.97301] Locking glyph region: 000001D448AAF210 76 0 20 28
font     D                ttf.c:167  unlock_current_page              [   0.97331] Unlocking page: 000001D448AAF210
font     D                ttf.c:243  alloc_glyph_region               [   0.97366] Glyph 52: 21x28 (24x28)
font     D                ttf.c:287  alloc_glyph_region               [   0.97391] Locking glyph region: 000001D448AAF210 96 0 24 28
font     D                ttf.c:167  unlock_current_page              [   0.97421] Unlocking page: 000001D448AAF210
font     D                ttf.c:243  alloc_glyph_region               [   0.97441] Glyph 27: 10x23 (12x24)
font     D                ttf.c:287  alloc_glyph_region               [   0.97460] Locking glyph region: 000001D448AAF210 120 0 12 24
font     D                ttf.c:167  unlock_current_page              [   0.97479] Unlocking page: 000001D448AAF210
font     D                ttf.c:475  cache_glyph                      [   0.97497] Glyph 1 has zero size.
font     D                ttf.c:243  alloc_glyph_region               [   0.97511] Glyph 17: 21x28 (24x28)
font     D                ttf.c:287  alloc_glyph_region               [   0.97530] Locking glyph region: 000001D448AAF210 132 0 24 28
font     D                ttf.c:167  unlock_current_page              [   0.97561] Unlocking page: 000001D448AAF210
d3d      D          d3d_bmp.cpp:539  _al_d3d_sync_bitmap              [   0.97851] _al_d3d_sync_bitmap (system) ref count == 1
d3d      D          d3d_bmp.cpp:545  _al_d3d_sync_bitmap              [   0.97882] _al_d3d_sync_bitmap (video) ref count == 1
d3d      D          d3d_bmp.cpp:539  _al_d3d_sync_bitmap              [   0.97898] _al_d3d_sync_bitmap (system) ref count == 1
d3d      D          d3d_bmp.cpp:545  _al_d3d_sync_bitmap              [   0.97907] _al_d3d_sync_bitmap (video) ref count == 1
d3d      D          d3d_bmp.cpp:539  _al_d3d_sync_bitmap              [   0.97984] _al_d3d_sync_bitmap (system) ref count == 1
d3d      D          d3d_bmp.cpp:545  _al_d3d_sync_bitmap              [   0.97998] _al_d3d_sync_bitmap (video) ref count == 1
d3d      D          d3d_bmp.cpp:539  _al_d3d_sync_bitmap              [   0.98016] _al_d3d_sync_bitmap (system) ref count == 1
d3d      D          d3d_bmp.cpp:545  _al_d3d_sync_bitmap              [   0.98026] _al_d3d_sync_bitmap (video) ref count == 1
d3d      D          d3d_bmp.cpp:539  _al_d3d_sync_bitmap              [   0.98044] _al_d3d_sync_bitmap (system) ref count == 1
d3d      D          d3d_bmp.cpp:545  _al_d3d_sync_bitmap              [   0.98052] _al_d3d_sync_bitmap (video) ref count == 1
d3d      D          d3d_bmp.cpp:539  _al_d3d_sync_bitmap              [   0.98310] _al_d3d_sync_bitmap (system) ref count == 1
d3d      D          d3d_bmp.cpp:545  _al_d3d_sync_bitmap              [   0.98328] _al_d3d_sync_bitmap (video) ref count == 1
d3d      D          d3d_bmp.cpp:539  _al_d3d_sync_bitmap              [   0.98450] _al_d3d_sync_bitmap (system) ref count == 1
d3d      D          d3d_bmp.cpp:545  _al_d3d_sync_bitmap              [   0.98557] _al_d3d_sync_bitmap (video) ref count == 1
font     D                ttf.c:243  alloc_glyph_region               [   3.88822] Glyph 27: 21x27 (24x28)
font     D                ttf.c:287  alloc_glyph_region               [   3.88841] Locking glyph region: 000001D448978060 372 0 24 28
font     D                ttf.c:167  unlock_current_page              [   3.88852] Unlocking page: 000001D448978060
font     D                ttf.c:243  alloc_glyph_region               [   3.88867] Glyph 22: 21x27 (24x28)
font     D                ttf.c:287  alloc_glyph_region               [   3.88877] Locking glyph region: 000001D448978060 396 0 24 28
font     D                ttf.c:167  unlock_current_page              [   3.88896] Unlocking page: 000001D448978060
d3d      D          d3d_bmp.cpp:539  _al_d3d_sync_bitmap              [   3.90457] _al_d3d_sync_bitmap (system) ref count == 1
d3d      D          d3d_bmp.cpp:545  _al_d3d_sync_bitmap              [   3.90474] _al_d3d_sync_bitmap (video) ref count == 1
dtor     D               dtor.c:227  _al_unregister_destructor        [   3.90588] removed dtor for bitmap 000001D4489D7A40
dtor     D               dtor.c:227  _al_unregister_destructor        [   3.90674] removed dtor for sample 000001D448614F10
dtor     D               dtor.c:227  _al_unregister_destructor        [   3.91543] removed dtor for ttf_font 000001D448616100
stdio    D         file_stdio.c:107  file_stdio_fopen                 [   3.91607] opening ./assets/level2background.png rb
stdio    D         file_stdio.c:107  file_stdio_fopen                 [   3.91641] opening ./assets/level2background.png rb
d3d      D         d3d_disp.cpp:1197 real_choose_bitmap_format        [   3.91660] Fake format
d3d      D         d3d_disp.cpp:1197 real_choose_bitmap_format        [   3.91674] Fake format
d3d      D         d3d_disp.cpp:1197 real_choose_bitmap_format        [   3.91702] Fake format
d3d      D         d3d_disp.cpp:1197 real_choose_bitmap_format        [   3.91714] Fake format
d3d      D         d3d_disp.cpp:1197 real_choose_bitmap_format        [   3.91722] Fake format
d3d      D         d3d_disp.cpp:1197 real_choose_bitmap_format        [   3.91980] Fake format
d3d      D         d3d_disp.cpp:1197 real_choose_bitmap_format        [   3.92153] Fake format
d3d      D         d3d_disp.cpp:1197 real_choose_bitmap_format        [   3.92163] Fake format
d3d      D         d3d_disp.cpp:1197 real_choose_bitmap_format        [   3.92169] Fake format
d3d      D         d3d_disp.cpp:1205 real_choose_bitmap_format        [   3.92178] Alpha doesn't match
d3d      D         d3d_disp.cpp:1212 real_choose_bitmap_format        [   3.92186] Adapter format is 23
d3d      D         d3d_disp.cpp:1215 real_choose_bitmap_format        [   3.92193] Found a format
d3d      I         d3d_disp.cpp:2386 d3d_create_bitmap                [   3.92201] Chose bitmap format 9
dtor     D               dtor.c:196  _al_register_destructor          [   3.92311] added dtor for bitmap 000001D4489D7A40, func 00007FFE5E431190
d3d      D          d3d_bmp.cpp:539  _al_d3d_sync_bitmap              [   3.96956] _al_d3d_sync_bitmap (system) ref count == 1
d3d      D          d3d_bmp.cpp:545  _al_d3d_sync_bitmap              [   3.97212] _al_d3d_sync_bitmap (video) ref count == 1
dtor     D               dtor.c:227  _al_unregister_destructor        [  69.48659] removed dtor for sample_instance 000001D446362C00
dtor     D               dtor.c:227  _al_unregister_destructor        [  69.48695] removed dtor for sample_instance 000001D446365FE0
dtor     D               dtor.c:227  _al_unregister_destructor        [  69.48757] removed dtor for sample_instance 000001D446373AD0
dtor     D               dtor.c:227  _al_unregister_destructor        [  69.48770] removed dtor for sample_instance 000001D446373E90
dtor     D               dtor.c:227  _al_unregister_destructor        [  69.48781] removed dtor for sample_instance 000001D446373C20
dtor     D               dtor.c:227  _al_unregister_destructor        [  69.48791] removed dtor for sample_instance 000001D446373FE0
dtor     D               dtor.c:227  _al_unregister_destructor        [  69.48813] removed dtor for sample_instance 000001D446373490
dtor     D               dtor.c:227  _al_unregister_destructor        [  69.48825] removed dtor for sample_instance 000001D446376A40
dtor     D               dtor.c:227  _al_unregister_destructor        [  69.48836] removed dtor for sample_instance 000001D446377BF0
dtor     D               dtor.c:227  _al_unregister_destructor        [  69.48845] removed dtor for sample_instance 000001D4463752C0
dtor     D               dtor.c:227  _al_unregister_destructor        [  69.48856] removed dtor for sample_instance 000001D446375410
dtor     D               dtor.c:227  _al_unregister_destructor        [  69.48864] removed dtor for sample_instance 000001D446376630
dtor     D               dtor.c:227  _al_unregister_destructor        [  69.48874] removed dtor for sample_instance 000001D4463735E0
dtor     D               dtor.c:227  _al_unregister_destructor        [  69.48883] removed dtor for sample_instance 000001D446373730
dtor     D               dtor.c:227  _al_unregister_destructor        [  69.48894] removed dtor for sample_instance 000001D446379C40
dtor     D               dtor.c:227  _al_unregister_destructor        [  69.48901] removed dtor for sample_instance 000001D446379700
dtor     D               dtor.c:227  _al_unregister_destructor        [  69.48910] removed dtor for mixer 000001D44635DC70
audio-dsound D           dsound.cpp:539  _dsound_stop_voice               [  69.48922] Stopping voice
audio-dsound D           dsound.cpp:556  _dsound_stop_voice               [  69.48930] Joining thread
audio-dsound D           dsound.cpp:562  _dsound_stop_voice               [  69.49187] Joined thread
audio-dsound D           dsound.cpp:564  _dsound_stop_voice               [  69.49198] Destroying thread
audio-dsound D           dsound.cpp:566  _dsound_stop_voice               [  69.49206] Thread destroyed
audio-dsound D           dsound.cpp:573  _dsound_stop_voice               [  69.49217] Releasing buffer
audio-dsound I           dsound.cpp:577  _dsound_stop_voice               [  69.49228] Voice stopped
dtor     D               dtor.c:227  _al_unregister_destructor        [  69.49239] removed dtor for voice 000001D44634F8C0
audio-dsound D           dsound.cpp:391  _dsound_deallocate_voice         [  69.49246] Deallocating voice
audio-dsound D           dsound.cpp:396  _dsound_deallocate_voice         [  69.49255] Deallocated voice
dtor     D               dtor.c:116  _al_run_destructors              [  69.49267] calling dtor for sample 000001D4486169C0, func 00007FFE5F551528
dtor     D               dtor.c:227  _al_unregister_destructor        [  69.49276] removed dtor for sample 000001D4486169C0
audio-dsound D           dsound.cpp:304  _dsound_close                    [  69.49288] Releasing device
audio-dsound D           dsound.cpp:309  _dsound_close                    [  69.49668] Released device
audio-dsound I           dsound.cpp:310  _dsound_close                    [  69.49689] DirectSound closed
dtor     D               dtor.c:227  _al_unregister_destructor        [  69.49702] removed dtor for ttf_font 000001D4486164F0
dtor     D               dtor.c:227  _al_unregister_destructor        [  69.49719] removed dtor for timer 000001D448780DF0
dtor     D               dtor.c:227  _al_unregister_destructor        [  69.49729] removed dtor for queue 000001D4488B3B50
d3d      I         d3d_disp.cpp:910  d3d_destroy_display              [  69.49738] destroying display 000001D44863BAF0 (current 0000000000000000)
bitmap   D        bitmap_type.c:308  _al_convert_to_memory_bitmap     [  69.49973] converting display bitmap 000001D4489D7A40 to memory bitmap
dtor     D               dtor.c:196  _al_register_destructor          [  69.50053] added dtor for bitmap 000001D446303120, func 00007FFE5E431190
d3d      D          d3d_bmp.cpp:539  _al_d3d_sync_bitmap              [  69.50072] _al_d3d_sync_bitmap (system) ref count == 1
d3d      D          d3d_bmp.cpp:545  _al_d3d_sync_bitmap              [  69.50082] _al_d3d_sync_bitmap (video) ref count == 1
dtor     D               dtor.c:227  _al_unregister_destructor        [  69.50534] removed dtor for bitmap 000001D446303120
bitmap   D        bitmap_type.c:308  _al_convert_to_memory_bitmap     [  69.50614] converting display bitmap 000001D448978060 to memory bitmap
dtor     D               dtor.c:196  _al_register_destructor          [  69.50681] added dtor for bitmap 000001D446303120, func 00007FFE5E431190
d3d      D          d3d_bmp.cpp:539  _al_d3d_sync_bitmap              [  69.50703] _al_d3d_sync_bitmap (system) ref count == 1
d3d      D          d3d_bmp.cpp:545  _al_d3d_sync_bitmap              [  69.50713] _al_d3d_sync_bitmap (video) ref count == 1
dtor     D               dtor.c:227  _al_unregister_destructor        [  69.50923] removed dtor for bitmap 000001D446303120
bitmap   D        bitmap_type.c:308  _al_convert_to_memory_bitmap     [  69.50958] converting display bitmap 000001D4488A5510 to memory bitmap
dtor     D               dtor.c:196  _al_register_destructor          [  69.50970] added dtor for bitmap 000001D446303120, func 00007FFE5E431190
d3d      D          d3d_bmp.cpp:539  _al_d3d_sync_bitmap              [  69.50979] _al_d3d_sync_bitmap (system) ref count == 1
d3d      D          d3d_bmp.cpp:545  _al_d3d_sync_bitmap              [  69.50987] _al_d3d_sync_bitmap (video) ref count == 1
dtor     D               dtor.c:227  _al_unregister_destructor        [  69.51075] removed dtor for bitmap 000001D446303120
bitmap   D        bitmap_type.c:308  _al_convert_to_memory_bitmap     [  69.51086] converting display bitmap 000001D4488C5060 to memory bitmap
dtor     D               dtor.c:196  _al_register_destructor          [  69.51098] added dtor for bitmap 000001D446303120, func 00007FFE5E431190
d3d      D          d3d_bmp.cpp:539  _al_d3d_sync_bitmap              [  69.51110] _al_d3d_sync_bitmap (system) ref count == 1
d3d      D          d3d_bmp.cpp:545  _al_d3d_sync_bitmap              [  69.51121] _al_d3d_sync_bitmap (video) ref count == 1
dtor     D               dtor.c:227  _al_unregister_destructor        [  69.51189] removed dtor for bitmap 000001D446303120
bitmap   D        bitmap_type.c:308  _al_convert_to_memory_bitmap     [  69.51211] converting display bitmap 000001D4488AA4B0 to memory bitmap
dtor     D               dtor.c:196  _al_register_destructor          [  69.51231] added dtor for bitmap 000001D446303120, func 00007FFE5E431190
d3d      D          d3d_bmp.cpp:539  _al_d3d_sync_bitmap              [  69.51243] _al_d3d_sync_bitmap (system) ref count == 1
d3d      D          d3d_bmp.cpp:545  _al_d3d_sync_bitmap              [  69.51251] _al_d3d_sync_bitmap (video) ref count == 1
dtor     D               dtor.c:227  _al_unregister_destructor        [  69.51371] removed dtor for bitmap 000001D446303120
bitmap   D        bitmap_type.c:308  _al_convert_to_memory_bitmap     [  69.51397] converting display bitmap 000001D4488BEF20 to memory bitmap
dtor     D               dtor.c:196  _al_register_destructor          [  69.51409] added dtor for bitmap 000001D446303120, func 00007FFE5E431190
d3d      D          d3d_bmp.cpp:539  _al_d3d_sync_bitmap              [  69.51419] _al_d3d_sync_bitmap (system) ref count == 1
d3d      D          d3d_bmp.cpp:545  _al_d3d_sync_bitmap              [  69.51427] _al_d3d_sync_bitmap (video) ref count == 1
dtor     D               dtor.c:227  _al_unregister_destructor        [  69.51508] removed dtor for bitmap 000001D446303120
d3d      D         d3d_disp.cpp:894  d3d_destroy_display_internals    [  69.51519] waiting for display 000001D44863BAF0's thread to end
d3d      W         d3d_disp.cpp:603  d3d_destroy_device               [  69.52900] d3d_destroy_device: ref count not 0
d3d      I         d3d_disp.cpp:1557 d3d_display_thread_proc          [  69.56058] d3d display thread exits
dtor     D               dtor.c:116  _al_run_destructors              [  69.56198] calling dtor for bitmap 000001D4489D7A40, func 00007FFE5E431190
dtor     D               dtor.c:227  _al_unregister_destructor        [  69.56280] removed dtor for bitmap 000001D4489D7A40
dtor     D               dtor.c:116  _al_run_destructors              [  69.56336] calling dtor for bitmap 000001D4488A5510, func 00007FFE5E431190
dtor     D               dtor.c:227  _al_unregister_destructor        [  69.56365] removed dtor for bitmap 000001D4488A5510
dtor     D               dtor.c:116  _al_run_destructors              [  69.56375] calling dtor for bitmap 000001D4488C5060, func 00007FFE5E431190
dtor     D               dtor.c:227  _al_unregister_destructor        [  69.56391] removed dtor for bitmap 000001D4488C5060
dtor     D               dtor.c:116  _al_run_destructors              [  69.56401] calling dtor for bitmap 000001D4488AA4B0, func 00007FFE5E431190
dtor     D               dtor.c:227  _al_unregister_destructor        [  69.56407] removed dtor for bitmap 000001D4488AA4B0
dtor     D               dtor.c:116  _al_run_destructors              [  69.56421] calling dtor for bitmap 000001D4488BEF20, func 00007FFE5E431190
dtor     D               dtor.c:227  _al_unregister_destructor        [  69.56428] removed dtor for bitmap 000001D4488BEF20
dtor     D               dtor.c:116  _al_run_destructors              [  69.56439] calling dtor for ttf_font 000001D4486135B0, func 00007FFE84A5129E
dtor     D               dtor.c:227  _al_unregister_destructor        [  69.56450] removed dtor for ttf_font 000001D4486135B0
